11.4s 1 0.00s - Debugger warning: It seems that frozen modules are being used, which may
11.4s 2 0.00s - make the debugger miss breakpoints. Please pass -Xfrozen_modules=off
11.4s 3 0.00s - to python to disable frozen modules.
11.4s 4 0.00s - Note: Debugging will proceed. Set PYDEVD_DISABLE_FILE_VALIDATION=1 to disable this validation.
12.1s 5 0.00s - Debugger warning: It seems that frozen modules are being used, which may
12.1s 6 0.00s - make the debugger miss breakpoints. Please pass -Xfrozen_modules=off
12.1s 7 0.00s - to python to disable frozen modules.
12.1s 8 0.00s - Note: Debugging will proceed. Set PYDEVD_DISABLE_FILE_VALIDATION=1 to disable this validation.
17.0s 9 /kaggle/input/cifar-10-dataset/cifar-10-batches-py/data_batch_1
17.0s 10 /kaggle/input/cifar-10-dataset/cifar-10-batches-py/data_batch_2
17.0s 11 /kaggle/input/cifar-10-dataset/cifar-10-batches-py/batches.meta
17.0s 12 /kaggle/input/cifar-10-dataset/cifar-10-batches-py/test_batch
17.0s 13 /kaggle/input/cifar-10-dataset/cifar-10-batches-py/data_batch_3
17.0s 14 /kaggle/input/cifar-10-dataset/cifar-10-batches-py/data_batch_5
17.0s 15 /kaggle/input/cifar-10-dataset/cifar-10-batches-py/data_batch_4
17.0s 16 /kaggle/input/cifar-10-dataset/cifar-10-batches-py/readme.html
30.5s 17 Using device: cuda
34.7s 18 50000 10000
34.9s 19 Starting Ablation Experiment.
34.9s 20 Comparing HyperLRs: [0.0, 1e-10, 1e-08, 1e-06]
34.9s 21 
34.9s 22 ############################################################
34.9s 23 PROCESSING ABLATION GROUP: hyper_lr = 0.0
34.9s 24 ############################################################
34.9s 25 --> Running Seed 38042...
59.8s 26 Ep 0 | Val Acc: 30.4% | LR: 3.30e-04
279.6s 27 Ep 10 | Val Acc: 49.9% | LR: 3.30e-04
503.6s 28 Ep 20 | Val Acc: 54.6% | LR: 3.30e-04
726.4s 29 Ep 30 | Val Acc: 59.1% | LR: 3.30e-04
949.9s 30 Ep 40 | Val Acc: 63.5% | LR: 3.30e-04
1172.8s 31 Ep 50 | Val Acc: 68.0% | LR: 3.30e-04
1371.4s 32 --> Running Seed 217401...
1396.3s 33 Ep 0 | Val Acc: 36.6% | LR: 3.30e-04
1620.4s 34 Ep 10 | Val Acc: 50.6% | LR: 3.30e-04
1844.7s 35 Ep 20 | Val Acc: 55.3% | LR: 3.30e-04
2068.1s 36 Ep 30 | Val Acc: 60.0% | LR: 3.30e-04
2292.0s 37 Ep 40 | Val Acc: 64.4% | LR: 3.30e-04
2515.5s 38 Ep 50 | Val Acc: 67.7% | LR: 3.30e-04
2713.7s 39 
2713.7s 40 ############################################################
2713.7s 41 PROCESSING ABLATION GROUP: hyper_lr = 1e-10
2713.7s 42 ############################################################
2713.7s 43 --> Running Seed 38042...
2738.6s 44 Ep 0 | Val Acc: 30.4% | LR: 2.64e-04
2962.1s 45 Ep 10 | Val Acc: 50.1% | LR: 1.42e-04
3185.5s 46 Ep 20 | Val Acc: 54.8% | LR: 1.52e-04
3409.2s 47 Ep 30 | Val Acc: 55.6% | LR: 1.68e-04
3635.3s 48 Ep 40 | Val Acc: 59.6% | LR: 2.31e-04
3859.4s 49 Ep 50 | Val Acc: 63.7% | LR: 4.95e-04
4058.2s 50 --> Running Seed 217401...
4082.9s 51 Ep 0 | Val Acc: 36.6% | LR: 3.71e-04
4307.1s 52 Ep 10 | Val Acc: 50.1% | LR: 4.55e-04
4530.4s 53 Ep 20 | Val Acc: 53.8% | LR: 4.47e-04
4754.4s 54 Ep 30 | Val Acc: 59.6% | LR: 4.45e-04
4978.0s 55 Ep 40 | Val Acc: 64.9% | LR: 3.41e-04
5201.6s 56 Ep 50 | Val Acc: 67.6% | LR: 3.53e-04
5400.5s 57 
5400.5s 58 ############################################################
5400.5s 59 PROCESSING ABLATION GROUP: hyper_lr = 1e-08
5400.5s 60 ############################################################
5400.5s 61 --> Running Seed 38042...
5425.6s 62 Ep 0 | Val Acc: 30.4% | LR: 2.64e-04
5649.5s 63 Ep 10 | Val Acc: 49.8% | LR: 1.30e-04
5872.9s 64 Ep 20 | Val Acc: 53.8% | LR: 9.57e-05
6097.4s 65 Ep 30 | Val Acc: 56.1% | LR: 1.06e-04
6321.4s 66 Ep 40 | Val Acc: 57.7% | LR: 1.17e-04
6545.2s 67 Ep 50 | Val Acc: 61.5% | LR: 2.91e-04
6745.0s 68 --> Running Seed 217401...
6769.8s 69 Ep 0 | Val Acc: 36.6% | LR: 3.96e-04
6994.3s 70 Ep 10 | Val Acc: 50.3% | LR: 4.38e-04
7218.5s 71 Ep 20 | Val Acc: 52.6% | LR: 7.26e-04
7443.5s 72 Ep 30 | Val Acc: 58.8% | LR: 5.36e-04
7667.7s 73 Ep 40 | Val Acc: 65.2% | LR: 5.28e-04
7891.6s 74 Ep 50 | Val Acc: 68.2% | LR: 5.84e-04
8090.8s 75 
8090.8s 76 ############################################################
8090.8s 77 PROCESSING ABLATION GROUP: hyper_lr = 1e-06
8090.8s 78 ############################################################
8090.8s 79 --> Running Seed 38042...
8115.8s 80 Ep 0 | Val Acc: 30.4% | LR: 2.64e-04
8339.4s 81 Ep 10 | Val Acc: 50.2% | LR: 1.30e-04
8563.0s 82 Ep 20 | Val Acc: 53.9% | LR: 1.44e-04
8787.8s 83 Ep 30 | Val Acc: 54.7% | LR: 2.38e-04
9011.7s 84 Ep 40 | Val Acc: 60.2% | LR: 2.63e-04
9236.0s 85 Ep 50 | Val Acc: 64.7% | LR: 4.37e-04
9435.5s 86 --> Running Seed 217401...
9460.5s 87 Ep 0 | Val Acc: 36.6% | LR: 3.96e-04
9684.2s 88 Ep 10 | Val Acc: 50.4% | LR: 4.38e-04
9908.0s 89 Ep 20 | Val Acc: 52.6% | LR: 7.26e-04
10131.7s 90 Ep 30 | Val Acc: 59.2% | LR: 5.36e-04
10355.6s 91 Ep 40 | Val Acc: 66.7% | LR: 3.95e-04
10579.4s 92 Ep 50 | Val Acc: 68.3% | LR: 2.91e-04
10779.0s 93 Ablation Complete. Data saved to ablation_results.csv
10784.9s 94 Traceback (most recent call last):
10784.9s 95 File "<string>", line 1, in <module>
10784.9s 96 File "/usr/local/lib/python3.11/dist-packages/papermill/execute.py", line 131, in execute_notebook
10784.9s 97 raise_for_execution_errors(nb, output_path)
10784.9s 98 File "/usr/local/lib/python3.11/dist-packages/papermill/execute.py", line 251, in raise_for_execution_errors
10784.9s 99 raise error
10784.9s 100 papermill.exceptions.PapermillExecutionError:
10784.9s 101 ---------------------------------------------------------------------------
10784.9s 102 Exception encountered at "In [10]":
10784.9s 103 ---------------------------------------------------------------------------
10784.9s 104 ValueError                                Traceback (most recent call last)
10784.9s 105 /tmp/ipykernel_20/4231612620.py in <cell line: 0>()
10784.9s 106 18
10784.9s 107 19 # Plot 1: Validation Accuracy
10784.9s 108 ---> 20 sns.lineplot(
10784.9s 109 21     data=df, x="Epoch", y="Val_Acc", hue="HyperLR_Group",
10784.9s 110 22     palette=palette, ax=axes[0], linewidth=2
10784.9s 111 
10784.9s 112 /usr/local/lib/python3.11/dist-packages/seaborn/relational.py in lineplot(data, x, y, hue, size, style, units, palette, hue_order, hue_norm, sizes, size_order, size_norm, dashes, markers, style_order, estimator, errorbar, n_boot, seed, orient, sort, err_style, err_kws, legend, ci, ax, **kwargs)
10784.9s 113 623     )
10784.9s 114 624
10784.9s 115 --> 625     p.map_hue(palette=palette, order=hue_order, norm=hue_norm)
10784.9s 116 626     p.map_size(sizes=sizes, order=size_order, norm=size_norm)
10784.9s 117 627     p.map_style(markers=markers, dashes=dashes, order=style_order)
10784.9s 118 
10784.9s 119 /usr/local/lib/python3.11/dist-packages/seaborn/_oldcore.py in map(cls, plotter, *args, **kwargs)
10784.9s 120 53         # This method is assigned the __init__ docstring
10784.9s 121 54         method_name = f"_{cls.__name__[:-7].lower()}_map"
10784.9s 122 ---> 55         setattr(plotter, method_name, cls(plotter, *args, **kwargs))
10784.9s 123 56         return plotter
10784.9s 124 57
10784.9s 125 
10784.9s 126 /usr/local/lib/python3.11/dist-packages/seaborn/_oldcore.py in __init__(self, plotter, palette, order, norm)
10784.9s 127 146
10784.9s 128 147                 cmap = norm = None
10784.9s 129 --> 148                 levels, lookup_table = self.categorical_mapping(
10784.9s 130 149                     data, palette, order,
10784.9s 131 150                 )
10784.9s 132 
10784.9s 133 /usr/local/lib/python3.11/dist-packages/seaborn/_oldcore.py in categorical_mapping(self, data, palette, order)
10784.9s 134 225             if any(missing):
10784.9s 135 226                 err = "The palette dictionary is missing keys: {}"
10784.9s 136 --> 227                 raise ValueError(err.format(missing))
10784.9s 137 228
10784.9s 138 229             lookup_table = palette
10784.9s 139 
10784.9s 140 ValueError: The palette dictionary is missing keys: {0.0, 1e-08, 1e-10, 1e-06}
10784.9s 141 
10788.2s 142 /usr/local/lib/python3.11/dist-packages/traitlets/traitlets.py:2915: FutureWarning: --Exporter.preprocessors=["remove_papermill_header.RemovePapermillHeader"] for containers is deprecated in traitlets 5.0. You can pass `--Exporter.preprocessors item` ... multiple times to add items to a list.
10788.2s 143 warn(
10788.3s 144 [NbConvertApp] Converting notebook __notebook__.ipynb to notebook
10788.6s 145 [NbConvertApp] Writing 50724 bytes to __notebook__.ipynb
10791.0s 146 /usr/local/lib/python3.11/dist-packages/traitlets/traitlets.py:2915: FutureWarning: --Exporter.preprocessors=["nbconvert.preprocessors.ExtractOutputPreprocessor"] for containers is deprecated in traitlets 5.0. You can pass `--Exporter.preprocessors item` ... multiple times to add items to a list.
10791.0s 147 warn(
10791.1s 148 [NbConvertApp] Converting notebook __notebook__.ipynb to html
10791.9s 149 [NbConvertApp] Support files will be in __results___files/
10791.9s 150 [NbConvertApp] Making directory __results___files
10791.9s 151 [NbConvertApp] Writing 354725 bytes to __results__.html